[1 - Suricata-Main] 2025-12-19 02:20:46 Notice: suricata: This is Suricata version 8.0.2 RELEASE running in SYSTEM mode
[1 - Suricata-Main] 2025-12-19 02:20:46 Info: cpu: CPUs/cores online: 11
[1 - Suricata-Main] 2025-12-19 02:20:46 Info: suricata: Setting engine mode to IDS mode by default
[1 - Suricata-Main] 2025-12-19 02:20:46 Info: exception-policy: master exception-policy set to: auto
[1 - Suricata-Main] 2025-12-19 02:20:46 Info: privs: dropped the caps for main thread
[1 - Suricata-Main] 2025-12-19 02:20:46 Info: conf: Running in live mode, activating unix socket
[1 - Suricata-Main] 2025-12-19 02:20:46 Info: logopenfile: fast output device (regular) initialized: fast.log
[1 - Suricata-Main] 2025-12-19 02:20:46 Info: logopenfile: eve-log output device (regular) initialized: eve.json
[1 - Suricata-Main] 2025-12-19 02:20:46 Info: logopenfile: stats output device (regular) initialized: stats.log
[1 - Suricata-Main] 2025-12-19 02:20:46 Warning: detect: No rule files match the pattern /var/lib/suricata/rules/suricata.rules
[1 - Suricata-Main] 2025-12-19 02:20:46 Info: detect: 2 rule files processed. 1 rules successfully loaded, 0 rules failed, 0 rules skipped
[1 - Suricata-Main] 2025-12-19 02:20:46 Info: threshold-config: Threshold config parsed: 0 rule(s) found
[1 - Suricata-Main] 2025-12-19 02:20:46 Info: detect: 1 signatures processed. 0 are IP-only rules, 0 are inspecting packet payload, 1 inspect application layer, 0 are decoder event only
[1 - Suricata-Main] 2025-12-19 02:20:46 Info: unix-manager: unix socket '/var/run/suricata/suricata-command.socket'
[1 - Suricata-Main] 2025-12-19 02:20:46 Info: runmodes: eth0: creating 11 threads
[21 - W#01-eth0] 2025-12-19 02:20:46 Info: ioctl: eth0: MTU 1500
[1 - Suricata-Main] 2025-12-19 02:20:47 Notice: threads: Threads created -> W: 11 FM: 1 FR: 1   Engine started.
[1 - Suricata-Main] 2025-12-19 02:21:21 Notice: suricata: Signal Received.  Stopping engine.
[1 - Suricata-Main] 2025-12-19 02:21:21 Info: suricata: time elapsed 34.951s
[1 - Suricata-Main] 2025-12-19 02:29:44 Notice: suricata: This is Suricata version 8.0.2 RELEASE running in SYSTEM mode
[1 - Suricata-Main] 2025-12-19 02:29:44 Info: cpu: CPUs/cores online: 11
[1 - Suricata-Main] 2025-12-19 02:29:44 Info: suricata: Setting engine mode to IDS mode by default
[1 - Suricata-Main] 2025-12-19 02:29:44 Info: exception-policy: master exception-policy set to: auto
[1 - Suricata-Main] 2025-12-19 02:29:44 Info: privs: dropped the caps for main thread
[1 - Suricata-Main] 2025-12-19 02:29:44 Info: conf: Running in live mode, activating unix socket
[1 - Suricata-Main] 2025-12-19 02:29:44 Info: logopenfile: fast output device (regular) initialized: fast.log
[1 - Suricata-Main] 2025-12-19 02:29:44 Info: logopenfile: eve-log output device (regular) initialized: eve.json
[1 - Suricata-Main] 2025-12-19 02:29:44 Info: logopenfile: stats output device (regular) initialized: stats.log
[1 - Suricata-Main] 2025-12-19 02:29:44 Warning: detect: No rule files match the pattern /var/lib/suricata/rules/suricata.rules
[1 - Suricata-Main] 2025-12-19 02:29:44 Info: detect: 2 rule files processed. 1 rules successfully loaded, 0 rules failed, 0 rules skipped
[1 - Suricata-Main] 2025-12-19 02:29:44 Info: threshold-config: Threshold config parsed: 0 rule(s) found
[1 - Suricata-Main] 2025-12-19 02:29:44 Info: detect: 1 signatures processed. 0 are IP-only rules, 0 are inspecting packet payload, 1 inspect application layer, 0 are decoder event only
[1 - Suricata-Main] 2025-12-19 02:29:44 Info: unix-manager: unix socket '/var/run/suricata/suricata-command.socket'
[1 - Suricata-Main] 2025-12-19 02:29:44 Info: runmodes: eth0: creating 11 threads
[21 - W#01-eth0] 2025-12-19 02:29:44 Info: ioctl: eth0: MTU 1500
[1 - Suricata-Main] 2025-12-19 02:29:44 Notice: threads: Threads created -> W: 11 FM: 1 FR: 1   Engine started.
[1 - Suricata-Main] 2025-12-19 02:32:49 Notice: suricata: Signal Received.  Stopping engine.
[1 - Suricata-Main] 2025-12-19 02:32:49 Info: suricata: time elapsed 185.575s
[1 - Suricata-Main] 2025-12-19 02:32:50 Info: counters: Alerts: 13
[1 - Suricata-Main] 2025-12-19 02:32:50 Notice: device: eth0: packets: 43, drops: 0 (0.00%), invalid chksum: 0
